2023-07-21 21:57:46.024 MDT [4625] LOG:  starting PostgreSQL 15.3 on x86_64-pc-linux-gnu, compiled by gcc (GCC) 13.1.1 20230429, 64-bit
2023-07-21 21:57:46.024 MDT [4625] LOG:  listening on IPv4 address "127.0.0.1", port 5432
2023-07-21 21:57:46.028 MDT [4625] FATAL:  could not create lock file "/run/postgresql/.s.PGSQL.5432.lock": No such file or directory
2023-07-21 21:57:46.029 MDT [4625] LOG:  database system is shut down
2023-07-21 21:58:20.297 MDT [4691] LOG:  starting PostgreSQL 15.3 on x86_64-pc-linux-gnu, compiled by gcc (GCC) 13.1.1 20230429, 64-bit
2023-07-21 21:58:20.297 MDT [4691] LOG:  listening on IPv4 address "127.0.0.1", port 5432
2023-07-21 21:58:20.300 MDT [4691] FATAL:  could not create lock file "/run/postgresql/.s.PGSQL.5432.lock": Permission denied
2023-07-21 21:58:20.301 MDT [4691] LOG:  database system is shut down
2023-07-21 22:01:14.104 MDT [4914] LOG:  starting PostgreSQL 15.3 on x86_64-pc-linux-gnu, compiled by gcc (GCC) 13.1.1 20230429, 64-bit
2023-07-21 22:01:14.105 MDT [4914] LOG:  listening on IPv4 address "127.0.0.1", port 5432
2023-07-21 22:01:14.107 MDT [4914] FATAL:  could not create lock file "/run/postgresql/.s.PGSQL.5432.lock": Permission denied
2023-07-21 22:01:14.109 MDT [4914] LOG:  database system is shut down
2023-07-21 22:33:44.333 MDT [20474] LOG:  starting PostgreSQL 15.3 on x86_64-pc-linux-gnu, compiled by gcc (GCC) 13.1.1 20230429, 64-bit
2023-07-21 22:33:44.334 MDT [20474] LOG:  listening on IPv4 address "127.0.0.1", port 5432
2023-07-21 22:33:44.337 MDT [20474] LOG:  listening on Unix socket "/run/postgresql/.s.PGSQL.5432"
2023-07-21 22:33:44.345 MDT [20477] LOG:  database system was shut down at 2023-07-21 21:57:06 MDT
2023-07-21 22:33:44.351 MDT [20474] LOG:  database system is ready to accept connections
2023-07-21 22:38:44.445 MDT [20475] LOG:  checkpoint starting: time
2023-07-21 22:41:53.284 MDT [20475] LOG:  checkpoint complete: wrote 1888 buffers (11.5%); 1 WAL file(s) added, 0 removed, 0 recycled; write=188.730 s, sync=0.075 s, total=188.839 s; sync files=504, longest=0.008 s, average=0.001 s; distance=8718 kB, estimate=8718 kB
2023-07-21 22:43:44.376 MDT [20475] LOG:  checkpoint starting: time
2023-07-21 22:43:49.922 MDT [20475] LOG:  checkpoint complete: wrote 56 buffers (0.3%); 0 WAL file(s) added, 0 removed, 0 recycled; write=5.520 s, sync=0.016 s, total=5.546 s; sync files=39, longest=0.007 s, average=0.001 s; distance=222 kB, estimate=7869 kB
2023-07-21 22:48:44.937 MDT [20475] LOG:  checkpoint starting: time
2023-07-21 22:48:49.874 MDT [20475] LOG:  checkpoint complete: wrote 50 buffers (0.3%); 0 WAL file(s) added, 0 removed, 0 recycled; write=4.916 s, sync=0.011 s, total=4.938 s; sync files=34, longest=0.002 s, average=0.001 s; distance=163 kB, estimate=7098 kB
2023-07-22 07:24:52.556 MDT [817] LOG:  starting PostgreSQL 15.3 on x86_64-pc-linux-gnu, compiled by gcc (GCC) 13.1.1 20230429, 64-bit
2023-07-22 07:24:52.556 MDT [817] LOG:  listening on IPv4 address "127.0.0.1", port 5432
2023-07-22 07:24:52.559 MDT [817] FATAL:  could not create lock file "/run/postgresql/.s.PGSQL.5432.lock": No such file or directory
2023-07-22 07:24:52.561 MDT [817] LOG:  database system is shut down
2023-07-22 07:29:04.065 MDT [2371] LOG:  starting PostgreSQL 15.3 on x86_64-pc-linux-gnu, compiled by gcc (GCC) 13.1.1 20230429, 64-bit
2023-07-22 07:29:04.066 MDT [2371] LOG:  listening on IPv4 address "127.0.0.1", port 5432
2023-07-22 07:29:04.069 MDT [2371] LOG:  listening on Unix socket "/run/postgresql/.s.PGSQL.5432"
2023-07-22 07:29:04.075 MDT [2374] LOG:  database system was interrupted; last known up at 2023-07-21 22:48:49 MDT
2023-07-22 07:29:04.300 MDT [2374] LOG:  database system was not properly shut down; automatic recovery in progress
2023-07-22 07:29:04.305 MDT [2374] LOG:  redo starts at 0/1DE5580
2023-07-22 07:29:04.305 MDT [2374] LOG:  invalid record length at 0/1DE5668: wanted 24, got 0
2023-07-22 07:29:04.305 MDT [2374] LOG:  redo done at 0/1DE5630 system usage: CPU: user: 0.00 s, system: 0.00 s, elapsed: 0.00 s
2023-07-22 07:29:04.313 MDT [2372] LOG:  checkpoint starting: end-of-recovery immediate wait
2023-07-22 07:29:04.327 MDT [2372] LOG:  checkpoint complete: wrote 3 buffers (0.0%); 0 WAL file(s) added, 0 removed, 0 recycled; write=0.004 s, sync=0.002 s, total=0.016 s; sync files=2, longest=0.001 s, average=0.001 s; distance=0 kB, estimate=0 kB
2023-07-22 07:29:04.330 MDT [2371] LOG:  database system is ready to accept connections
2023-07-22 07:34:04.427 MDT [2372] LOG:  checkpoint starting: time
2023-07-22 07:34:05.160 MDT [2372] LOG:  checkpoint complete: wrote 8 buffers (0.0%); 0 WAL file(s) added, 0 removed, 0 recycled; write=0.705 s, sync=0.012 s, total=0.733 s; sync files=8, longest=0.009 s, average=0.002 s; distance=18 kB, estimate=18 kB
2023-07-22 08:44:05.561 MDT [2372] LOG:  checkpoint starting: time
2023-07-22 08:44:07.197 MDT [2372] LOG:  checkpoint complete: wrote 17 buffers (0.1%); 0 WAL file(s) added, 0 removed, 0 recycled; write=1.607 s, sync=0.012 s, total=1.636 s; sync files=16, longest=0.009 s, average=0.001 s; distance=73 kB, estimate=73 kB
2023-07-22 14:22:54.007 MDT [4892] FATAL:  lock file "postmaster.pid" already exists
2023-07-22 14:22:54.007 MDT [4892] HINT:  Is another postmaster (PID 2371) running in data directory "/opt/account/db/data"?
2023-07-22 14:24:09.460 MDT [5243] FATAL:  lock file "postmaster.pid" already exists
2023-07-22 14:24:09.460 MDT [5243] HINT:  Is another postmaster (PID 2371) running in data directory "/opt/account/db/data"?
2023-07-22 16:14:14.157 MDT [2372] LOG:  checkpoint starting: time
2023-07-22 16:14:18.422 MDT [2372] LOG:  checkpoint complete: wrote 43 buffers (0.3%); 0 WAL file(s) added, 0 removed, 0 recycled; write=4.232 s, sync=0.016 s, total=4.266 s; sync files=35, longest=0.009 s, average=0.001 s; distance=154 kB, estimate=154 kB
2023-07-22 16:19:14.460 MDT [2372] LOG:  checkpoint starting: time
2023-07-22 16:19:16.198 MDT [2372] LOG:  checkpoint complete: wrote 18 buffers (0.1%); 0 WAL file(s) added, 0 removed, 0 recycled; write=1.708 s, sync=0.012 s, total=1.738 s; sync files=17, longest=0.008 s, average=0.001 s; distance=80 kB, estimate=147 kB
2023-07-22 16:44:14.698 MDT [2372] LOG:  checkpoint starting: time
2023-07-22 16:44:16.631 MDT [2372] LOG:  checkpoint complete: wrote 20 buffers (0.1%); 0 WAL file(s) added, 0 removed, 0 recycled; write=1.909 s, sync=0.013 s, total=1.933 s; sync files=17, longest=0.009 s, average=0.001 s; distance=87 kB, estimate=141 kB
2023-07-22 17:09:14.977 MDT [2372] LOG:  checkpoint starting: time
2023-07-22 17:09:16.006 MDT [2372] LOG:  checkpoint complete: wrote 11 buffers (0.1%); 0 WAL file(s) added, 0 removed, 0 recycled; write=1.006 s, sync=0.006 s, total=1.030 s; sync files=8, longest=0.004 s, average=0.001 s; distance=1 kB, estimate=127 kB
2023-07-22 17:14:14.106 MDT [2372] LOG:  checkpoint starting: time
2023-07-22 17:14:14.839 MDT [2372] LOG:  checkpoint complete: wrote 8 buffers (0.0%); 0 WAL file(s) added, 0 removed, 0 recycled; write=0.705 s, sync=0.012 s, total=0.733 s; sync files=8, longest=0.010 s, average=0.002 s; distance=8 kB, estimate=115 kB
2023-07-22 17:35:43.804 MDT [2371] LOG:  received fast shutdown request
2023-07-22 17:35:43.812 MDT [2371] LOG:  aborting any active transactions
2023-07-22 17:35:43.816 MDT [2371] LOG:  background worker "logical replication launcher" (PID 2377) exited with exit code 1
2023-07-22 17:35:43.816 MDT [2372] LOG:  shutting down
2023-07-22 17:35:43.819 MDT [2372] LOG:  checkpoint starting: shutdown immediate
2023-07-22 17:35:43.831 MDT [2372] LOG:  checkpoint complete: wrote 0 buffers (0.0%); 0 WAL file(s) added, 0 removed, 0 recycled; write=0.001 s, sync=0.001 s, total=0.015 s; sync files=0, longest=0.000 s, average=0.000 s; distance=0 kB, estimate=104 kB
2023-07-22 17:35:43.836 MDT [2371] LOG:  database system is shut down
